[debug] [2024-11-03T12:21:36.894Z] ----------------------------------------------------------------------
[debug] [2024-11-03T12:21:36.898Z] Command:       C:\Program Files\nodejs\node.exe C:\Users\ASUS\AppData\Roaming\npm\node_modules\firebase-tools\lib\bin\firebase.js init
[debug] [2024-11-03T12:21:36.898Z] CLI Version:   13.23.1
[debug] [2024-11-03T12:21:36.899Z] Platform:      win32
[debug] [2024-11-03T12:21:36.899Z] Node Version:  v20.17.0
[debug] [2024-11-03T12:21:36.899Z] Time:          Sun Nov 03 2024 19:21:36 GMT+0700 (Indochina Time)
[debug] [2024-11-03T12:21:36.899Z] ----------------------------------------------------------------------
[debug] 
[debug] [2024-11-03T12:21:36.907Z] > command requires scopes: ["email","openid","https://www.googleapis.com/auth/cloudplatformprojects.readonly","https://www.googleapis.com/auth/firebase","https://www.googleapis.com/auth/cloud-platform"]
[debug] [2024-11-03T12:21:36.908Z] > authorizing via signed-in user (louisginting08@gmail.com)
[info] 
     ######## #### ########  ######## ########     ###     ######  ########
     ##        ##  ##     ## ##       ##     ##  ##   ##  ##       ##
     ######    ##  ########  ######   ########  #########  ######  ######
     ##        ##  ##    ##  ##       ##     ## ##     ##       ## ##
     ##       #### ##     ## ######## ########  ##     ##  ######  ########

You're about to initialize a Firebase project in this directory:

  D:\Semester 7\PTI\hospital-management-system-master

[info] 
=== Project Setup
[info] 
[info] First, let's associate this project directory with a Firebase project.
[info] You can create multiple project aliases by running firebase use --add, 
[info] but for now we'll just set up a default project.
[info] 
